2022-12-18 15:21:30,413 [INFO] Activator:177 - 


2022-12-18 15:21:30,414 [INFO] Activator:178 - !SESSION log4j initialized
2022-12-18 15:28:16,876 [INFO] Activator:177 - 


2022-12-18 15:28:16,877 [INFO] Activator:178 - !SESSION log4j initialized
2022-12-18 16:12:00,188 [INFO] McuFinderGlobals:39 - Set McuFinder mode to 2 (CubeIDE integrated)
2022-12-18 16:12:01,392 [INFO] ApplicationProperties:181 - Using Application install path: D:\TOOL\stm32cubeide_1.7.0\STM32\STM32CubeIDE_1.7.0\STM32CubeIDE\plugins\com.st.stm32cube.common.mx_6.3.0.202107141111
2022-12-18 16:12:01,401 [INFO] DbMcusXml:74 - Set database path to: D:\TOOL\stm32cubeide_1.7.0\STM32\STM32CubeIDE_1.7.0\STM32CubeIDE\plugins\com.st.stm32cube.common.mx_6.3.0.202107141111\\db\/mcu/
2022-12-18 16:12:01,405 [INFO] DbBoardsPdsc:56 - Set plugin database path to: D:\TOOL\stm32cubeide_1.7.0\STM32\STM32CubeIDE_1.7.0\STM32CubeIDE\plugins\com.st.stm32cube.common.mx_6.3.0.202107141111\\db\/plugins/boardmanager/
2022-12-18 16:12:01,405 [INFO] DbMcus:258 - Set plugin images path to: D:\TOOL\stm32cubeide_1.7.0\STM32\STM32CubeIDE_1.7.0\STM32CubeIDE\plugins\com.st.stm32cube.common.mx_6.3.0.202107141111\\db\/plugins/mcufinder/images/
2022-12-18 16:12:01,405 [INFO] DbBoards:264 - Set plugin images path to: D:\TOOL\stm32cubeide_1.7.0\STM32\STM32CubeIDE_1.7.0\STM32CubeIDE\plugins\com.st.stm32cube.common.mx_6.3.0.202107141111\\db\/plugins/mcufinder/images/
2022-12-18 16:12:01,408 [INFO] DbExamples:333 - Set plugin images path to: D:\TOOL\stm32cubeide_1.7.0\STM32\STM32CubeIDE_1.7.0\STM32CubeIDE\plugins\com.st.stm32cube.common.mx_6.3.0.202107141111\\db\/plugins/mcufinder/images/
2022-12-18 16:12:01,411 [INFO] DbMcusAds:119 - Set database path to: C:\Users\ADMIN\.stmcufinder\plugins\mcufinder//mcu/
2022-12-18 16:12:01,412 [INFO] DbMcusDocs:110 - Set database path to: C:\Users\ADMIN\.stmcufinder\plugins\mcufinder//mcu/
2022-12-18 16:12:01,414 [INFO] DbMcusJson:64 - Set database path to: C:\Users\ADMIN\.stmcufinder\plugins\mcufinder//mcu/
2022-12-18 16:12:01,415 [INFO] DbBoardsDocs:110 - Set database path to: C:\Users\ADMIN\.stmcufinder\plugins\mcufinder//mcu/
2022-12-18 16:12:01,416 [INFO] DbBoardsJson:57 - Set database path to: C:\Users\ADMIN\.stmcufinder\plugins\mcufinder//mcu/
2022-12-18 16:12:01,465 [INFO] CrossReferenceDbSqlite:196 - Set database path to: C:\Users\ADMIN\.stmcufinder\plugins\mcufinder//mcu/cs/
2022-12-18 16:12:01,469 [INFO] DbExamplesSqlite:767 - Set database path to: C:\Users\ADMIN\.stmcufinder\plugins\mcufinder//mcu/
2022-12-18 16:12:01,542 [INFO] RulesReader:57 - Compatibility file has been processed (242 Rules)
2022-12-18 16:12:01,604 [INFO] DbMcusXml:74 - Set database path to: D:\TOOL\stm32cubeide_1.7.0\STM32\STM32CubeIDE_1.7.0\STM32CubeIDE\plugins\com.st.stm32cube.common.mx_6.3.0.202107141111\\db\/mcu/
2022-12-18 16:12:01,605 [INFO] DbBoardsPdsc:56 - Set plugin database path to: D:\TOOL\stm32cubeide_1.7.0\STM32\STM32CubeIDE_1.7.0\STM32CubeIDE\plugins\com.st.stm32cube.common.mx_6.3.0.202107141111\\db\/plugins/boardmanager/
2022-12-18 16:12:01,605 [INFO] DbMcus:258 - Set plugin images path to: D:\TOOL\stm32cubeide_1.7.0\STM32\STM32CubeIDE_1.7.0\STM32CubeIDE\plugins\com.st.stm32cube.common.mx_6.3.0.202107141111\\db\/plugins/mcufinder/images/
2022-12-18 16:12:01,605 [INFO] DbBoards:264 - Set plugin images path to: D:\TOOL\stm32cubeide_1.7.0\STM32\STM32CubeIDE_1.7.0\STM32CubeIDE\plugins\com.st.stm32cube.common.mx_6.3.0.202107141111\\db\/plugins/mcufinder/images/
2022-12-18 16:12:01,605 [INFO] DbExamples:333 - Set plugin images path to: D:\TOOL\stm32cubeide_1.7.0\STM32\STM32CubeIDE_1.7.0\STM32CubeIDE\plugins\com.st.stm32cube.common.mx_6.3.0.202107141111\\db\/plugins/mcufinder/images/
2022-12-18 16:12:01,605 [WARN] DbFile:35 - Overriding database path with different value: C:\Users\ADMIN\.stmcufinder\plugins\mcufinder/ => C:\Users\ADMIN\.stmcufinder\plugins\mcufinder
2022-12-18 16:12:01,605 [INFO] DbMcusAds:119 - Set database path to: C:\Users\ADMIN\.stmcufinder\plugins\mcufinder//mcu/
2022-12-18 16:12:01,605 [WARN] DbFile:35 - Overriding database path with different value: C:\Users\ADMIN\.stmcufinder\plugins\mcufinder/ => C:\Users\ADMIN\.stmcufinder\plugins\mcufinder
2022-12-18 16:12:01,605 [INFO] DbMcusDocs:110 - Set database path to: C:\Users\ADMIN\.stmcufinder\plugins\mcufinder//mcu/
2022-12-18 16:12:01,605 [WARN] DbFile:35 - Overriding database path with different value: C:\Users\ADMIN\.stmcufinder\plugins\mcufinder/ => C:\Users\ADMIN\.stmcufinder\plugins\mcufinder
2022-12-18 16:12:01,605 [INFO] DbMcusJson:64 - Set database path to: C:\Users\ADMIN\.stmcufinder\plugins\mcufinder//mcu/
2022-12-18 16:12:01,605 [WARN] DbFile:35 - Overriding database path with different value: C:\Users\ADMIN\.stmcufinder\plugins\mcufinder/ => C:\Users\ADMIN\.stmcufinder\plugins\mcufinder
2022-12-18 16:12:01,605 [INFO] DbBoardsDocs:110 - Set database path to: C:\Users\ADMIN\.stmcufinder\plugins\mcufinder//mcu/
2022-12-18 16:12:01,605 [WARN] DbFile:35 - Overriding database path with different value: C:\Users\ADMIN\.stmcufinder\plugins\mcufinder/ => C:\Users\ADMIN\.stmcufinder\plugins\mcufinder
2022-12-18 16:12:01,605 [INFO] DbBoardsJson:57 - Set database path to: C:\Users\ADMIN\.stmcufinder\plugins\mcufinder//mcu/
2022-12-18 16:12:01,606 [WARN] DbFile:35 - Overriding database path with different value: C:\Users\ADMIN\.stmcufinder\plugins\mcufinder/ => C:\Users\ADMIN\.stmcufinder\plugins\mcufinder
2022-12-18 16:12:01,606 [WARN] DbFile:35 - Overriding database path with different value: C:\Users\ADMIN\.stmcufinder\plugins\mcufinder/ => C:\Users\ADMIN\.stmcufinder\plugins\mcufinder
2022-12-18 16:12:01,606 [INFO] CrossReferenceDbSqlite:196 - Set database path to: C:\Users\ADMIN\.stmcufinder\plugins\mcufinder//mcu/cs/
2022-12-18 16:12:01,606 [WARN] DbFile:35 - Overriding database path with different value: C:\Users\ADMIN\.stmcufinder\plugins\mcufinder/ => C:\Users\ADMIN\.stmcufinder\plugins\mcufinder
2022-12-18 16:12:01,606 [INFO] DbExamplesSqlite:767 - Set database path to: C:\Users\ADMIN\.stmcufinder\plugins\mcufinder//mcu/
2022-12-18 16:12:01,655 [INFO] MainPanel:214 - HeapMemory: 282066944
2022-12-18 16:12:01,712 [INFO] DbMcusXml:74 - Set database path to: D:\TOOL\stm32cubeide_1.7.0\STM32\STM32CubeIDE_1.7.0\STM32CubeIDE\plugins\com.st.stm32cube.common.mx_6.3.0.202107141111\\db\/mcu/
2022-12-18 16:12:01,712 [INFO] DbBoardsPdsc:56 - Set plugin database path to: D:\TOOL\stm32cubeide_1.7.0\STM32\STM32CubeIDE_1.7.0\STM32CubeIDE\plugins\com.st.stm32cube.common.mx_6.3.0.202107141111\\db\/plugins/boardmanager/
2022-12-18 16:12:01,713 [INFO] DbMcus:258 - Set plugin images path to: D:\TOOL\stm32cubeide_1.7.0\STM32\STM32CubeIDE_1.7.0\STM32CubeIDE\plugins\com.st.stm32cube.common.mx_6.3.0.202107141111\\db\/plugins/mcufinder/images/
2022-12-18 16:12:01,713 [INFO] DbBoards:264 - Set plugin images path to: D:\TOOL\stm32cubeide_1.7.0\STM32\STM32CubeIDE_1.7.0\STM32CubeIDE\plugins\com.st.stm32cube.common.mx_6.3.0.202107141111\\db\/plugins/mcufinder/images/
2022-12-18 16:12:01,713 [INFO] DbExamples:333 - Set plugin images path to: D:\TOOL\stm32cubeide_1.7.0\STM32\STM32CubeIDE_1.7.0\STM32CubeIDE\plugins\com.st.stm32cube.common.mx_6.3.0.202107141111\\db\/plugins/mcufinder/images/
2022-12-18 16:12:01,713 [WARN] DbFile:35 - Overriding database path with different value: C:\Users\ADMIN\.stmcufinder\plugins\mcufinder/ => C:\Users\ADMIN\.stmcufinder\plugins\mcufinder
2022-12-18 16:12:01,713 [INFO] DbMcusAds:119 - Set database path to: C:\Users\ADMIN\.stmcufinder\plugins\mcufinder//mcu/
2022-12-18 16:12:01,713 [WARN] DbFile:35 - Overriding database path with different value: C:\Users\ADMIN\.stmcufinder\plugins\mcufinder/ => C:\Users\ADMIN\.stmcufinder\plugins\mcufinder
2022-12-18 16:12:01,714 [INFO] DbMcusDocs:110 - Set database path to: C:\Users\ADMIN\.stmcufinder\plugins\mcufinder//mcu/
2022-12-18 16:12:01,714 [WARN] DbFile:35 - Overriding database path with different value: C:\Users\ADMIN\.stmcufinder\plugins\mcufinder/ => C:\Users\ADMIN\.stmcufinder\plugins\mcufinder
2022-12-18 16:12:01,714 [INFO] DbMcusJson:64 - Set database path to: C:\Users\ADMIN\.stmcufinder\plugins\mcufinder//mcu/
2022-12-18 16:12:01,714 [WARN] DbFile:35 - Overriding database path with different value: C:\Users\ADMIN\.stmcufinder\plugins\mcufinder/ => C:\Users\ADMIN\.stmcufinder\plugins\mcufinder
2022-12-18 16:12:01,714 [INFO] DbBoardsDocs:110 - Set database path to: C:\Users\ADMIN\.stmcufinder\plugins\mcufinder//mcu/
2022-12-18 16:12:01,714 [WARN] DbFile:35 - Overriding database path with different value: C:\Users\ADMIN\.stmcufinder\plugins\mcufinder/ => C:\Users\ADMIN\.stmcufinder\plugins\mcufinder
2022-12-18 16:12:01,714 [INFO] DbBoardsJson:57 - Set database path to: C:\Users\ADMIN\.stmcufinder\plugins\mcufinder//mcu/
2022-12-18 16:12:01,714 [WARN] DbFile:35 - Overriding database path with different value: C:\Users\ADMIN\.stmcufinder\plugins\mcufinder/ => C:\Users\ADMIN\.stmcufinder\plugins\mcufinder
2022-12-18 16:12:01,714 [WARN] DbFile:35 - Overriding database path with different value: C:\Users\ADMIN\.stmcufinder\plugins\mcufinder/ => C:\Users\ADMIN\.stmcufinder\plugins\mcufinder
2022-12-18 16:12:01,715 [INFO] CrossReferenceDbSqlite:196 - Set database path to: C:\Users\ADMIN\.stmcufinder\plugins\mcufinder//mcu/cs/
2022-12-18 16:12:01,715 [WARN] DbFile:35 - Overriding database path with different value: C:\Users\ADMIN\.stmcufinder\plugins\mcufinder/ => C:\Users\ADMIN\.stmcufinder\plugins\mcufinder
2022-12-18 16:12:01,715 [INFO] DbExamplesSqlite:767 - Set database path to: C:\Users\ADMIN\.stmcufinder\plugins\mcufinder//mcu/
2022-12-18 16:12:01,728 [INFO] ApplicationProperties:181 - Using Application install path: D:\TOOL\stm32cubeide_1.7.0\STM32\STM32CubeIDE_1.7.0\STM32CubeIDE\plugins\com.st.stm32cube.common.mx_6.3.0.202107141111
2022-12-18 16:12:01,730 [INFO] PluginManage:188 - Search for loadable plugins [exclusion list=, ]
2022-12-18 16:12:01,731 [INFO] PluginManage:302 - Check plugin analytics
2022-12-18 16:12:06,353 [INFO] AnalyticsPlugin:257 - Accepted Software Licenses: 
2022-12-18 16:12:06,353 [INFO] AnalyticsPlugin:259 - Accepted CMSIS Pack Licenses: 
2022-12-18 16:12:06,353 [INFO] AnalyticsPlugin:261 - Accepted Firmware Licenses: 
2022-12-18 16:12:06,354 [INFO] PluginManage:352 - Loaded plugin analytics (category:tool,tabindex:-1)
2022-12-18 16:12:06,354 [INFO] PluginManage:302 - Check plugin clock
2022-12-18 16:12:06,363 [INFO] PluginManage:352 - Loaded plugin clock (category:base,tabindex:2)
2022-12-18 16:12:06,363 [INFO] PluginManage:302 - Check plugin ddr
2022-12-18 16:12:06,365 [INFO] PluginManage:352 - Loaded plugin ddr (category:tool,tabindex:6)
2022-12-18 16:12:06,365 [INFO] PluginManage:302 - Check plugin filemanager
2022-12-18 16:12:06,463 [INFO] PluginManage:352 - Loaded plugin filemanager (category:base,tabindex:10)
2022-12-18 16:12:06,464 [INFO] PluginManage:302 - Check plugin ipmanager
2022-12-18 16:12:06,470 [INFO] PluginManage:352 - Loaded plugin ipmanager (category:base,tabindex:5)
2022-12-18 16:12:06,470 [INFO] PluginManage:302 - Check plugin pinoutandconfiguration
2022-12-18 16:12:06,477 [INFO] PluginManage:352 - Loaded plugin pinoutandconfiguration (category:base,tabindex:1)
2022-12-18 16:12:06,477 [INFO] PluginManage:302 - Check plugin pinoutconfig
2022-12-18 16:12:06,501 [INFO] PluginManage:352 - Loaded plugin pinoutconfig (category:base,tabindex:0)
2022-12-18 16:12:06,501 [INFO] PluginManage:302 - Check plugin power
2022-12-18 16:12:06,515 [INFO] PluginManage:352 - Loaded plugin power (category:power,tabindex:4)
2022-12-18 16:12:06,515 [INFO] PluginManage:302 - Check plugin projectmanager
2022-12-18 16:12:06,528 [INFO] PluginManage:352 - Loaded plugin projectmanager (category:projectmanager,tabindex:3)
2022-12-18 16:12:06,529 [INFO] PluginManage:302 - Check plugin thirdparty
2022-12-18 16:12:06,626 [INFO] PluginManage:352 - Loaded plugin thirdparty (category:base,tabindex:-1)
2022-12-18 16:12:06,626 [INFO] PluginManage:302 - Check plugin tools
2022-12-18 16:12:06,626 [WARN] IntegrityCheckThread:78 - waiting for thirdparty lock release [integrity check]
2022-12-18 16:12:06,627 [INFO] IntegrityCheckThread:80 - entering critical section [integrity check]
2022-12-18 16:12:06,627 [INFO] ThirdPartyUpdaterWithRetryManager:66 - Updater plugin not ready yet. [1/15]
2022-12-18 16:12:06,629 [INFO] PluginManage:352 - Loaded plugin tools (category:base,tabindex:7)
2022-12-18 16:12:06,629 [INFO] PluginManage:302 - Check plugin tutovideos
2022-12-18 16:12:06,798 [INFO] PluginManage:352 - Loaded plugin tutovideos (category:base,tabindex:-1)
2022-12-18 16:12:06,798 [INFO] PluginManage:302 - Check plugin updater
2022-12-18 16:12:06,808 [INFO] PluginManage:352 - Loaded plugin updater (category:base,tabindex:12)
2022-12-18 16:12:06,809 [INFO] PluginManage:275 - PluginManage : Loaded plugins [13]
2022-12-18 16:12:06,943 [INFO] PinOutPanel:1463 - setPackage(No Configuration,No Configuration)
2022-12-18 16:12:07,015 [INFO] IPUIPlugin:74 - create IPUIPlugin
2022-12-18 16:12:07,015 [INFO] PluginManager:213 - loadIPPluginJar : add adc
2022-12-18 16:12:07,017 [INFO] IPUIPlugin:74 - create IPUIPlugin
2022-12-18 16:12:07,017 [INFO] PluginManager:213 - loadIPPluginJar : add aes
2022-12-18 16:12:07,019 [INFO] IPUIPlugin:74 - create IPUIPlugin
2022-12-18 16:12:07,020 [INFO] PluginManager:213 - loadIPPluginJar : add can
2022-12-18 16:12:07,021 [INFO] IPUIPlugin:74 - create IPUIPlugin
2022-12-18 16:12:07,021 [INFO] PluginManager:213 - loadIPPluginJar : add comp
2022-12-18 16:12:07,024 [INFO] IPUIPlugin:74 - create IPUIPlugin
2022-12-18 16:12:07,024 [INFO] PluginManager:213 - loadIPPluginJar : add cryp
2022-12-18 16:12:07,026 [INFO] IPUIPlugin:74 - create IPUIPlugin
2022-12-18 16:12:07,026 [INFO] PluginManager:213 - loadIPPluginJar : add dfsdm
2022-12-18 16:12:07,031 [INFO] IPUIPlugin:74 - create IPUIPlugin
2022-12-18 16:12:07,032 [INFO] PluginManager:213 - loadIPPluginJar : add dma
2022-12-18 16:12:07,034 [INFO] IPUIPlugin:74 - create IPUIPlugin
2022-12-18 16:12:07,034 [INFO] PluginManager:213 - loadIPPluginJar : add dma3
2022-12-18 16:12:07,035 [INFO] IPUIPlugin:74 - create IPUIPlugin
2022-12-18 16:12:07,035 [INFO] PluginManager:213 - loadIPPluginJar : add fatfs
2022-12-18 16:12:07,040 [INFO] IPUIPlugin:74 - create IPUIPlugin
2022-12-18 16:12:07,040 [INFO] PluginManager:213 - loadIPPluginJar : add fmc
2022-12-18 16:12:07,045 [INFO] IPUIPlugin:74 - create IPUIPlugin
2022-12-18 16:12:07,045 [INFO] PluginManager:213 - loadIPPluginJar : add freertos
2022-12-18 16:12:07,046 [INFO] IPUIPlugin:74 - create IPUIPlugin
2022-12-18 16:12:07,047 [INFO] PluginManager:213 - loadIPPluginJar : add genericplugin
2022-12-18 16:12:07,048 [INFO] IPUIPlugin:74 - create IPUIPlugin
2022-12-18 16:12:07,049 [INFO] PluginManager:213 - loadIPPluginJar : add gfxmmu
2022-12-18 16:12:07,053 [INFO] IPUIPlugin:74 - create IPUIPlugin
2022-12-18 16:12:07,054 [INFO] PluginManager:213 - loadIPPluginJar : add gic
2022-12-18 16:12:07,057 [INFO] IPUIPlugin:74 - create IPUIPlugin
2022-12-18 16:12:07,057 [INFO] PluginManager:213 - loadIPPluginJar : add gpio
2022-12-18 16:12:07,058 [INFO] IPUIPlugin:74 - create IPUIPlugin
2022-12-18 16:12:07,059 [INFO] PluginManager:213 - loadIPPluginJar : add gtzc
2022-12-18 16:12:07,061 [INFO] IPUIPlugin:74 - create IPUIPlugin
2022-12-18 16:12:07,061 [INFO] PluginManager:213 - loadIPPluginJar : add hash
2022-12-18 16:12:07,063 [INFO] IPUIPlugin:74 - create IPUIPlugin
2022-12-18 16:12:07,063 [INFO] PluginManager:213 - loadIPPluginJar : add i2c
2022-12-18 16:12:07,065 [INFO] IPUIPlugin:74 - create IPUIPlugin
2022-12-18 16:12:07,066 [INFO] PluginManager:213 - loadIPPluginJar : add i2s
2022-12-18 16:12:07,068 [INFO] IPUIPlugin:74 - create IPUIPlugin
2022-12-18 16:12:07,069 [INFO] PluginManager:213 - loadIPPluginJar : add ipddr
2022-12-18 16:12:07,075 [INFO] IPUIPlugin:74 - create IPUIPlugin
2022-12-18 16:12:07,075 [INFO] PluginManager:213 - loadIPPluginJar : add linkedlist
2022-12-18 16:12:07,077 [INFO] IPUIPlugin:74 - create IPUIPlugin
2022-12-18 16:12:07,078 [INFO] PluginManager:213 - loadIPPluginJar : add lorawan
2022-12-18 16:12:07,079 [INFO] IPUIPlugin:74 - create IPUIPlugin
2022-12-18 16:12:07,079 [INFO] PluginManager:213 - loadIPPluginJar : add ltdc
2022-12-18 16:12:07,082 [INFO] IPUIPlugin:74 - create IPUIPlugin
2022-12-18 16:12:07,083 [INFO] PluginManager:213 - loadIPPluginJar : add mdma
2022-12-18 16:12:07,085 [INFO] IPUIPlugin:74 - create IPUIPlugin
2022-12-18 16:12:07,086 [INFO] PluginManager:213 - loadIPPluginJar : add nvic
2022-12-18 16:12:07,088 [INFO] IPUIPlugin:74 - create IPUIPlugin
2022-12-18 16:12:07,088 [INFO] PluginManager:213 - loadIPPluginJar : add opamp
2022-12-18 16:12:07,091 [INFO] IPUIPlugin:74 - create IPUIPlugin
2022-12-18 16:12:07,091 [INFO] PluginManager:213 - loadIPPluginJar : add openamp
2022-12-18 16:12:07,093 [INFO] IPUIPlugin:74 - create IPUIPlugin
2022-12-18 16:12:07,093 [INFO] PluginManager:213 - loadIPPluginJar : add pdm2pcm
2022-12-18 16:12:07,099 [INFO] IPUIPlugin:74 - create IPUIPlugin
2022-12-18 16:12:07,101 [INFO] PluginManager:213 - loadIPPluginJar : add plateformsettings
2022-12-18 16:12:07,102 [INFO] IPUIPlugin:74 - create IPUIPlugin
2022-12-18 16:12:07,103 [INFO] PluginManager:213 - loadIPPluginJar : add quadspi
2022-12-18 16:12:07,105 [INFO] IPUIPlugin:74 - create IPUIPlugin
2022-12-18 16:12:07,106 [INFO] PluginManager:213 - loadIPPluginJar : add resmgrutility
2022-12-18 16:12:07,108 [INFO] IPUIPlugin:74 - create IPUIPlugin
2022-12-18 16:12:07,109 [INFO] PluginManager:213 - loadIPPluginJar : add sai
2022-12-18 16:12:07,111 [INFO] IPUIPlugin:74 - create IPUIPlugin
2022-12-18 16:12:07,111 [INFO] PluginManager:213 - loadIPPluginJar : add spi
2022-12-18 16:12:07,114 [INFO] IPUIPlugin:74 - create IPUIPlugin
2022-12-18 16:12:07,115 [INFO] PluginManager:213 - loadIPPluginJar : add stm32_wpan
2022-12-18 16:12:07,116 [INFO] IPUIPlugin:74 - create IPUIPlugin
2022-12-18 16:12:07,116 [INFO] PluginManager:213 - loadIPPluginJar : add tim
2022-12-18 16:12:07,119 [INFO] IPUIPlugin:74 - create IPUIPlugin
2022-12-18 16:12:07,119 [INFO] PluginManager:213 - loadIPPluginJar : add touchsensing
2022-12-18 16:12:07,121 [INFO] IPUIPlugin:74 - create IPUIPlugin
2022-12-18 16:12:07,121 [INFO] PluginManager:213 - loadIPPluginJar : add tracer_emb
2022-12-18 16:12:07,123 [INFO] IPUIPlugin:74 - create IPUIPlugin
2022-12-18 16:12:07,123 [INFO] PluginManager:213 - loadIPPluginJar : add ts
2022-12-18 16:12:07,124 [INFO] IPUIPlugin:74 - create IPUIPlugin
2022-12-18 16:12:07,125 [INFO] PluginManager:213 - loadIPPluginJar : add tsc
2022-12-18 16:12:07,126 [INFO] IPUIPlugin:74 - create IPUIPlugin
2022-12-18 16:12:07,127 [INFO] PluginManager:213 - loadIPPluginJar : add ucpd
2022-12-18 16:12:07,129 [INFO] IPUIPlugin:74 - create IPUIPlugin
2022-12-18 16:12:07,129 [INFO] PluginManager:213 - loadIPPluginJar : add usart
2022-12-18 16:12:07,131 [INFO] IPUIPlugin:74 - create IPUIPlugin
2022-12-18 16:12:07,131 [INFO] PluginManager:213 - loadIPPluginJar : add usbx
2022-12-18 16:12:07,403 [FATAL] Updater:294 - Updater called before beeing initialized
2022-12-18 16:12:07,512 [FATAL] Updater:294 - Updater called before beeing initialized
2022-12-18 16:12:07,516 [INFO] DbMcusAds:47 - JSON generation date=Thu Sep 30 13:56:37 ICT 2021 (1632984997303)
2022-12-18 16:12:07,516 [FATAL] Updater:294 - Updater called before beeing initialized
2022-12-18 16:12:07,544 [WARN] DetailPanel:314 - Failed to get advertising image, set to default
2022-12-18 16:12:07,614 [FATAL] Updater:294 - Updater called before beeing initialized
2022-12-18 16:12:07,616 [FATAL] Updater:294 - Updater called before beeing initialized
2022-12-18 16:12:07,616 [FATAL] Updater:294 - Updater called before beeing initialized
2022-12-18 16:12:07,616 [WARN] DetailPanel:314 - Failed to get advertising image, set to default
2022-12-18 16:12:07,617 [FATAL] Updater:294 - Updater called before beeing initialized
2022-12-18 16:12:07,665 [ERROR] Updater:1075 - MainUpdater not yet initialized. External WinMGr cannot be set.
2022-12-18 16:12:07,667 [INFO] Updater:1012 - Updater Version found : 6.3.0
2022-12-18 16:12:07,682 [INFO] ApplicationProperties:181 - Using Application install path: D:\TOOL\stm32cubeide_1.7.0\STM32\STM32CubeIDE_1.7.0\STM32CubeIDE\plugins\com.st.stm32cube.common.mx_6.3.0.202107141111
2022-12-18 16:12:07,913 [INFO] MainUpdater:2671 - connection check result : 10
2022-12-18 16:12:07,913 [INFO] MainUpdater:265 - Updater Check For Update Now.
2022-12-18 16:12:07,914 [INFO] MicroXplorer:478 - Change Database Version : DB.6.0.30
2022-12-18 16:12:08,197 [INFO] CheckServerUpdateThread:112 - End of CheckServer Thread
2022-12-18 16:12:08,197 [INFO] MainUpdater:2671 - connection check result : 10
2022-12-18 16:12:08,198 [INFO] MainUpdater:2671 - connection check result : 10
2022-12-18 16:12:08,261 [INFO] MicroXplorer:448 - Change Database Path : 
2022-12-18 16:12:08,261 [INFO] MicroXplorer:478 - Change Database Version : DB.6.0.30
2022-12-18 16:12:08,262 [WARN] ThirdParty:813 - waiting for thirdparty lock release [close project]
2022-12-18 16:12:09,744 [WARN] PackLoader:238 - Cannot read IP mode file for STMicroelectronics.X-CUBE-GNSS1.6.0.0
2022-12-18 16:12:09,769 [WARN] PackLoader:238 - Cannot read IP mode file for STMicroelectronics.X-CUBE-AZRTOS-F4.1.1.0
2022-12-18 16:12:09,780 [WARN] PackLoader:238 - Cannot read IP mode file for STMicroelectronics.X-CUBE-BLEMGR.1.2.0
2022-12-18 16:12:09,798 [WARN] PackLoader:238 - Cannot read IP mode file for STMicroelectronics.X-CUBE-AZRTOS-F7.1.1.0
2022-12-18 16:12:09,805 [WARN] PackLoader:238 - Cannot read IP mode file for STMicroelectronics.X-CUBE-BLE1.6.2.3
2022-12-18 16:12:09,808 [WARN] PackLoader:238 - Cannot read IP mode file for STMicroelectronics.X-CUBE-BLE1.6.2.4
2022-12-18 16:12:09,813 [WARN] PackLoader:238 - Cannot read IP mode file for STMicroelectronics.X-CUBE-NFC4.2.0.5
2022-12-18 16:12:09,818 [WARN] PackLoader:238 - Cannot read IP mode file for STMicroelectronics.X-CUBE-NFC4.2.0.4
2022-12-18 16:12:09,827 [WARN] PackLoader:238 - Cannot read IP mode file for STMicroelectronics.X-CUBE-TOF1.3.1.0
2022-12-18 16:12:09,836 [WARN] PackLoader:238 - Cannot read IP mode file for wolfSSL.I-CUBE-wolfSSL.5.5.0
2022-12-18 16:12:09,840 [WARN] PackLoader:238 - Cannot read IP mode file for STMicroelectronics.X-CUBE-NFC7.1.0.0
2022-12-18 16:12:09,882 [WARN] PackLoader:238 - Cannot read IP mode file for STMicroelectronics.X-CUBE-MEMS1.9.3.0
2022-12-18 16:12:10,045 [WARN] PackLoader:238 - Cannot read IP mode file for STMicroelectronics.X-CUBE-AI.7.2.0
2022-12-18 16:12:10,051 [WARN] PackLoader:238 - Cannot read IP mode file for STMicroelectronics.X-CUBE-SFXS2LP1.4.0.0
2022-12-18 16:12:10,056 [WARN] PackLoader:238 - Cannot read IP mode file for STMicroelectronics.X-CUBE-BLE2.3.3.0
2022-12-18 16:12:10,063 [WARN] PackLoader:238 - Cannot read IP mode file for STMicroelectronics.X-CUBE-DISPLAY.2.2.0
2022-12-18 16:12:10,090 [WARN] PackLoader:238 - Cannot read IP mode file for STMicroelectronics.X-CUBE-AZRTOS-H7.3.0.0
2022-12-18 16:12:10,096 [WARN] PackLoader:238 - Cannot read IP mode file for STMicroelectronics.X-CUBE-ISPU.1.0.0
2022-12-18 16:12:10,099 [WARN] PackLoader:238 - Cannot read IP mode file for STMicroelectronics.X-CUBE-ISPU.1.1.0
2022-12-18 16:12:10,107 [WARN] PackLoader:238 - Cannot read IP mode file for RoweBots.I-CUBE-UNISONRTOS.5.5.0-4
2022-12-18 16:12:10,127 [WARN] PackLoader:238 - Cannot read IP mode file for STMicroelectronics.X-CUBE-AZRTOS-H7.2.1.0
2022-12-18 16:12:10,135 [WARN] PackLoader:238 - Cannot read IP mode file for STMicroelectronics.X-CUBE-BLEMGR.1.0.0
2022-12-18 16:12:10,167 [WARN] PackLoader:238 - Cannot read IP mode file for STMicroelectronics.X-CUBE-MEMS1.9.4.0
2022-12-18 16:12:10,331 [WARN] PackLoader:238 - Cannot read IP mode file for STMicroelectronics.X-CUBE-AI.7.3.0
2022-12-18 16:12:10,336 [WARN] PackLoader:238 - Cannot read IP mode file for STMicroelectronics.X-CUBE-ALGOBUILD.1.3.0
2022-12-18 16:12:10,351 [WARN] PackLoader:238 - Cannot read IP mode file for STMicroelectronics.X-CUBE-AZRTOS-L5.1.1.0
2022-12-18 16:12:10,374 [WARN] PackLoader:238 - Cannot read IP mode file for STMicroelectronics.X-CUBE-AZRTOS-G0.1.1.0
2022-12-18 16:12:10,385 [WARN] PackLoader:238 - Cannot read IP mode file for STMicroelectronics.X-CUBE-SUBG2.5.0.0
2022-12-18 16:12:10,396 [WARN] PackLoader:238 - Cannot read IP mode file for STMicroelectronics.FP-ATR-ASTRA1.1.1.1
2022-12-18 16:12:10,402 [WARN] PackLoader:238 - Cannot read IP mode file for STMicroelectronics.X-CUBE-BLEMGR.1.3.0
2022-12-18 16:12:10,414 [WARN] PackLoader:238 - Cannot read IP mode file for STMicroelectronics.X-CUBE-AZRTOS-G4.1.0.0
2022-12-18 16:12:10,430 [WARN] PackLoader:238 - Cannot read IP mode file for STMicroelectronics.X-CUBE-AZRTOS-L4.1.0.0
2022-12-18 16:12:10,437 [WARN] PackLoader:238 - Cannot read IP mode file for emotas.I-CUBE-CANOPEN.1.1.2
2022-12-18 16:12:10,441 [WARN] PackLoader:238 - Cannot read IP mode file for STMicroelectronics.X-CUBE-TOUCHGFX.4.20.0
2022-12-18 16:12:10,449 [WARN] PackLoader:238 - Cannot read IP mode file for STMicroelectronics.X-CUBE-AZRTOS-WL.1.0.0
2022-12-18 16:12:10,455 [WARN] PackLoader:238 - Cannot read IP mode file for portGmbH.I-Cube-SoM-uGOAL.1.1.0
2022-12-18 16:12:10,458 [WARN] PackLoader:238 - Cannot read IP mode file for STMicroelectronics.X-CUBE-ALS.1.0.1
2022-12-18 16:12:10,473 [WARN] PackLoader:238 - Cannot read IP mode file for STMicroelectronics.X-CUBE-AZRTOS-WB.1.1.0
2022-12-18 16:12:10,493 [WARN] PackLoader:238 - Cannot read IP mode file for STMicroelectronics.X-CUBE-AZRTOS-L5.1.0.0
2022-12-18 16:12:10,500 [WARN] PackLoader:238 - Cannot read IP mode file for STMicroelectronics.X-CUBE-EEPRMA1.3.1.1
2022-12-18 16:12:10,502 [INFO] ThirdParty:915 - Integrity check success = true
2022-12-18 16:12:10,502 [INFO] IntegrityCheckThread:94 - exiting critical section [integrity check]
2022-12-18 16:12:10,502 [INFO] IntegrityCheckThread:97 - End integrity checks thread
2022-12-18 16:12:10,502 [INFO] ThirdParty:815 - entering critical section [close project]
2022-12-18 16:12:10,503 [INFO] ThirdParty:825 - exiting critical section [close project]
2022-12-18 16:12:10,507 [INFO] PinOutPanel:1463 - setPackage(No Configuration,No Configuration)
2022-12-18 16:12:10,507 [INFO] UtilMem:74 - Begin LoadConfig() Used Memory: 199165088 Bytes (338690048)
2022-12-18 16:12:10,508 [INFO] MicroXplorer:448 - Change Database Path : 
2022-12-18 16:12:10,508 [INFO] MicroXplorer:478 - Change Database Version : DB.6.0.30
2022-12-18 16:12:10,508 [INFO] OpenFileManager:313 - Change cursor
2022-12-18 16:12:11,213 [INFO] Context:592 - Trying to add GPIOservice into a context  which must be forbidden
2022-12-18 16:12:11,461 [WARN] ApiManager:304 - Cannot register API 'Board Extension:GNSS1A1' from pack STMicroelectronics.X-CUBE-GNSS1.6.0.0: no header file found
2022-12-18 16:12:11,462 [WARN] ApiManager:304 - Cannot register API 'Board Support:Custom' from pack STMicroelectronics.X-CUBE-GNSS1.6.0.0: no header file found
2022-12-18 16:12:11,462 [WARN] ApiManager:304 - Cannot register API 'Data Exchange:lib_gnss' from pack STMicroelectronics.X-CUBE-GNSS1.6.0.0: no header file found
2022-12-18 16:12:11,647 [WARN] ApiManager:304 - Cannot register API 'Board Extension:IKS01A3' from pack STMicroelectronics.X-CUBE-MEMS1.9.4.0: no header file found
2022-12-18 16:12:11,647 [WARN] ApiManager:304 - Cannot register API 'Board Extension:IKS01A2' from pack STMicroelectronics.X-CUBE-MEMS1.9.4.0: no header file found
2022-12-18 16:12:11,647 [WARN] ApiManager:304 - Cannot register API 'Board Extension:IKS02A1' from pack STMicroelectronics.X-CUBE-MEMS1.9.4.0: no header file found
2022-12-18 16:12:11,657 [WARN] ApiManager:304 - Cannot register API 'Wireless:BlueNRG-MS' from pack STMicroelectronics.X-CUBE-BLE1.6.2.3: no header file found
2022-12-18 16:12:11,658 [WARN] ApiManager:304 - Cannot register API 'Wireless:BlueNRG-MS' from pack STMicroelectronics.X-CUBE-BLE1.6.2.4: no header file found
2022-12-18 16:12:11,660 [INFO] RtosManager:484 - Registered RTOS mode: class=CMSIS, group=RTOS, mode=CMSIS_V1, owner=FREERTOS
2022-12-18 16:12:11,660 [INFO] RtosManager:484 - Registered RTOS mode: class=CMSIS, group=RTOS2, mode=CMSIS_V2, owner=FREERTOS
2022-12-18 16:12:11,660 [INFO] RtosManager:484 - Registered RTOS mode: class=RTOS, group=Core, mode=CMSIS_V1, owner=FREERTOS
2022-12-18 16:12:11,660 [INFO] RtosManager:484 - Registered RTOS mode: class=RTOS, group=Core, mode=CMSIS_V2, owner=FREERTOS
2022-12-18 16:12:11,660 [WARN] ModelIntegratedComponent:181 - Missing modes for component STMicroelectronics:FreeRTOS:0.0.1:STMicroelectronics:RTOS:FreeRTOS:Core:::10.2.0:
2022-12-18 16:12:11,669 [WARN] ApiManager:304 - Cannot register API 'Board Extension:S2868A1' from pack STMicroelectronics.X-CUBE-SUBG2.5.0.0: no header file found
2022-12-18 16:12:11,669 [WARN] ApiManager:304 - Cannot register API 'Board Extension:S2868A2' from pack STMicroelectronics.X-CUBE-SUBG2.5.0.0: no header file found
2022-12-18 16:12:11,669 [WARN] ApiManager:304 - Cannot register API 'Board Extension:S2915A1' from pack STMicroelectronics.X-CUBE-SUBG2.5.0.0: no header file found
2022-12-18 16:12:11,670 [WARN] ApiManager:304 - Cannot register API 'Board Extension:NFC04A1' from pack STMicroelectronics.X-CUBE-NFC4.2.0.5: no header file found
2022-12-18 16:12:11,671 [WARN] ApiManager:304 - Cannot register API 'Board Extension:NFC04A1' from pack STMicroelectronics.X-CUBE-NFC4.2.0.4: no header file found
2022-12-18 16:12:11,677 [WARN] ModelIntegratedComponent:60 - No mode defined for component null
2022-12-18 16:12:11,677 [WARN] ModelIntegratedComponent:60 - No mode defined for component null
2022-12-18 16:12:11,677 [WARN] ModelIntegratedComponent:60 - No mode defined for component null
2022-12-18 16:12:11,677 [WARN] ModelIntegratedComponent:60 - No mode defined for component null
2022-12-18 16:12:11,678 [WARN] ModelIntegratedComponent:60 - No mode defined for component null
2022-12-18 16:12:11,678 [WARN] ModelIntegratedComponent:60 - No mode defined for component null
2022-12-18 16:12:11,678 [WARN] ModelIntegratedComponent:60 - No mode defined for component null
2022-12-18 16:12:11,678 [WARN] ModelIntegratedComponent:60 - No mode defined for component null
2022-12-18 16:12:11,678 [WARN] ModelIntegratedComponent:60 - No mode defined for component null
2022-12-18 16:12:11,678 [WARN] ModelIntegratedComponent:60 - No mode defined for component null
2022-12-18 16:12:11,678 [WARN] ModelIntegratedComponent:60 - No mode defined for component null
2022-12-18 16:12:11,678 [WARN] ModelIntegratedComponent:60 - No mode defined for component null
2022-12-18 16:12:11,678 [WARN] ModelIntegratedComponent:60 - No mode defined for component null
2022-12-18 16:12:11,678 [WARN] ModelIntegratedComponent:60 - No mode defined for component null
2022-12-18 16:12:11,678 [WARN] ModelIntegratedComponent:60 - No mode defined for component null
2022-12-18 16:12:11,678 [WARN] ModelIntegratedComponent:60 - No mode defined for component null
2022-12-18 16:12:11,678 [WARN] ModelIntegratedComponent:60 - No mode defined for component null
2022-12-18 16:12:11,678 [WARN] ModelIntegratedComponent:60 - No mode defined for component null
2022-12-18 16:12:11,678 [WARN] ModelIntegratedComponent:60 - No mode defined for component null
2022-12-18 16:12:11,678 [WARN] ModelIntegratedComponent:60 - No mode defined for component null
2022-12-18 16:12:11,679 [WARN] ModelIntegratedComponent:60 - No mode defined for component null
2022-12-18 16:12:11,679 [WARN] ModelIntegratedComponent:60 - No mode defined for component null
2022-12-18 16:12:11,679 [WARN] ModelIntegratedComponent:60 - No mode defined for component null
2022-12-18 16:12:11,679 [WARN] ModelIntegratedComponent:60 - No mode defined for component null
2022-12-18 16:12:11,679 [WARN] ModelIntegratedComponent:60 - No mode defined for component null
2022-12-18 16:12:11,679 [WARN] ModelIntegratedComponent:60 - No mode defined for component null
2022-12-18 16:12:11,679 [WARN] ModelIntegratedComponent:60 - No mode defined for component null
2022-12-18 16:12:11,679 [WARN] ModelIntegratedComponent:60 - No mode defined for component null
2022-12-18 16:12:11,679 [WARN] ModelIntegratedComponent:60 - No mode defined for component null
2022-12-18 16:12:11,679 [WARN] ModelIntegratedComponent:60 - No mode defined for component null
2022-12-18 16:12:11,679 [WARN] ModelIntegratedComponent:60 - No mode defined for component null
2022-12-18 16:12:11,681 [WARN] ApiManager:304 - Cannot register API 'Board Extension:NFC07A1' from pack STMicroelectronics.X-CUBE-NFC7.1.0.0: no header file found
2022-12-18 16:12:11,842 [WARN] ApiManager:304 - Cannot register API 'Board Extension:IKS01A3' from pack STMicroelectronics.X-CUBE-MEMS1.9.3.0: no header file found
2022-12-18 16:12:11,842 [WARN] ApiManager:304 - Cannot register API 'Board Extension:IKS01A2' from pack STMicroelectronics.X-CUBE-MEMS1.9.3.0: no header file found
2022-12-18 16:12:11,842 [WARN] ApiManager:304 - Cannot register API 'Board Extension:IKS02A1' from pack STMicroelectronics.X-CUBE-MEMS1.9.3.0: no header file found
2022-12-18 16:12:11,849 [WARN] ApiManager:304 - Cannot register API 'Board Extension:EEPRMA1' from pack STMicroelectronics.X-CUBE-EEPRMA1.3.1.1: no header file found
2022-12-18 16:12:11,849 [WARN] ApiManager:304 - Cannot register API 'Board Extension:EEPRMA2' from pack STMicroelectronics.X-CUBE-EEPRMA1.3.1.1: no header file found
2022-12-18 16:12:11,850 [WARN] ApiManager:304 - Cannot register API 'Board Extension:S2868A1' from pack STMicroelectronics.X-CUBE-SFXS2LP1.4.0.0: no header file found
2022-12-18 16:12:11,850 [WARN] ApiManager:304 - Cannot register API 'Board Extension:S2868A2' from pack STMicroelectronics.X-CUBE-SFXS2LP1.4.0.0: no header file found
2022-12-18 16:12:11,850 [WARN] ApiManager:304 - Cannot register API 'Board Extension:S2915A1' from pack STMicroelectronics.X-CUBE-SFXS2LP1.4.0.0: no header file found
2022-12-18 16:12:11,851 [WARN] ApiManager:304 - Cannot register API 'Wireless:BlueNRG-2' from pack STMicroelectronics.X-CUBE-BLE2.3.3.0: no header file found
2022-12-18 16:12:15,138 [INFO] UtilMem:74 - End LoadConfig() Used Memory: 237664496 Bytes (408944640)
2022-12-18 16:12:15,139 [INFO] DbMcusXml:100 - Load MCU database from D:\TOOL\stm32cubeide_1.7.0\STM32\STM32CubeIDE_1.7.0\STM32CubeIDE\plugins\com.st.stm32cube.common.mx_6.3.0.202107141111\\db\/mcu/families.xml
2022-12-18 16:12:15,723 [INFO] DbMcusJson:93 - JSON generation date=Tue Nov 16 23:17:54 ICT 2021 (1637079474)
2022-12-18 16:12:16,329 [INFO] DbMcus:175 - Found 1951 MCUs (1903 are supported by CubeMX, 1914 are visible in CubeMX)
2022-12-18 16:12:16,329 [INFO] ApiDb:251 - Load user favorites file C:\Users\ADMIN/.stm32cubeide/favorites.mcus.txt: 0 item(s)
2022-12-18 16:12:16,329 [INFO] ApiDb:255 - User favorites MCUs=[]
2022-12-18 16:12:16,329 [INFO] DbMcus:187 - Set 0 / 0 favorites MCUs
2022-12-18 16:12:16,331 [WARN] ThirdParty:779 - waiting for thirdparty lock release [change project]
2022-12-18 16:12:16,331 [INFO] ThirdParty:781 - entering critical section [change project]
2022-12-18 16:12:16,331 [INFO] ThirdParty:967 - CMSIS Pack Vendor :STMicroelectronics X-CUBE-ISPU 1.1.0
2022-12-18 16:12:16,331 [INFO] ThirdParty:967 - CMSIS Pack Vendor :RoweBots I-CUBE-UNISONRTOS 5.5.0-4
2022-12-18 16:12:16,331 [INFO] ThirdParty:967 - CMSIS Pack Vendor :STMicroelectronics X-CUBE-GNSS1 6.0.0
2022-12-18 16:12:16,331 [INFO] ThirdParty:967 - CMSIS Pack Vendor :STMicroelectronics X-CUBE-AZRTOS-H7 2.1.0
2022-12-18 16:12:16,331 [INFO] ThirdParty:967 - CMSIS Pack Vendor :STMicroelectronics USB_HOST 2.0.0
2022-12-18 16:12:16,331 [INFO] ThirdParty:967 - CMSIS Pack Vendor :STMicroelectronics X-CUBE-AZRTOS-F4 1.1.0
2022-12-18 16:12:16,331 [INFO] ThirdParty:967 - CMSIS Pack Vendor :STMicroelectronics USB_DEVICE 3.0.0
2022-12-18 16:12:16,331 [INFO] ThirdParty:967 - CMSIS Pack Vendor :STMicroelectronics X-CUBE-BLEMGR 1.0.0
2022-12-18 16:12:16,331 [INFO] ThirdParty:967 - CMSIS Pack Vendor :STMicroelectronics X-CUBE-BLEMGR 1.2.0
2022-12-18 16:12:16,331 [INFO] ThirdParty:967 - CMSIS Pack Vendor :STMicroelectronics X-CUBE-AZRTOS-F7 1.1.0
2022-12-18 16:12:16,332 [INFO] ThirdParty:967 - CMSIS Pack Vendor :STMicroelectronics X-CUBE-MEMS1 9.4.0
2022-12-18 16:12:16,332 [INFO] ThirdParty:967 - CMSIS Pack Vendor :STMicroelectronics USB_DEVICE 2.0.0
2022-12-18 16:12:16,332 [INFO] ThirdParty:967 - CMSIS Pack Vendor :STMicroelectronics X-CUBE-AI 7.3.0
2022-12-18 16:12:16,332 [INFO] ThirdParty:967 - CMSIS Pack Vendor :STMicroelectronics X-CUBE-BLE1 6.2.3
2022-12-18 16:12:16,332 [INFO] ThirdParty:967 - CMSIS Pack Vendor :STMicroelectronics X-CUBE-ALGOBUILD 1.3.0
2022-12-18 16:12:16,332 [INFO] ThirdParty:967 - CMSIS Pack Vendor :STMicroelectronics X-CUBE-BLE1 6.2.4
2022-12-18 16:12:16,332 [INFO] ThirdParty:967 - CMSIS Pack Vendor :STMicroelectronics X-CUBE-AZRTOS-L5 1.1.0
2022-12-18 16:12:16,332 [INFO] ThirdParty:967 - CMSIS Pack Vendor :STMicroelectronics FreeRTOS 0.0.1
2022-12-18 16:12:16,332 [INFO] ThirdParty:967 - CMSIS Pack Vendor :STMicroelectronics X-CUBE-AZRTOS-G0 1.1.0
2022-12-18 16:12:16,332 [INFO] ThirdParty:967 - CMSIS Pack Vendor :STMicroelectronics X-CUBE-SUBG2 5.0.0
2022-12-18 16:12:16,332 [INFO] ThirdParty:967 - CMSIS Pack Vendor :STMicroelectronics lwIP 2.0.3
2022-12-18 16:12:16,332 [INFO] ThirdParty:967 - CMSIS Pack Vendor :STMicroelectronics X-CUBE-NFC4 2.0.5
2022-12-18 16:12:16,332 [INFO] ThirdParty:967 - CMSIS Pack Vendor :STMicroelectronics X-CUBE-NFC4 2.0.4
2022-12-18 16:12:16,332 [INFO] ThirdParty:967 - CMSIS Pack Vendor :STMicroelectronics USB_HOST 1.0.0
2022-12-18 16:12:16,332 [INFO] ThirdParty:967 - CMSIS Pack Vendor :STMicroelectronics PDM2PCM 3.1.0
2022-12-18 16:12:16,332 [INFO] ThirdParty:967 - CMSIS Pack Vendor :STMicroelectronics FP-ATR-ASTRA1 1.1.1
2022-12-18 16:12:16,332 [INFO] ThirdParty:967 - CMSIS Pack Vendor :STMicroelectronics PDM2PCM 3.3.0
2022-12-18 16:12:16,332 [INFO] ThirdParty:967 - CMSIS Pack Vendor :STMicroelectronics X-CUBE-TOF1 3.1.0
2022-12-18 16:12:16,332 [INFO] ThirdParty:967 - CMSIS Pack Vendor :STMicroelectronics X-CUBE-BLEMGR 1.3.0
2022-12-18 16:12:16,332 [INFO] ThirdParty:967 - CMSIS Pack Vendor :STMicroelectronics X-CUBE-AZRTOS-G4 1.0.0
2022-12-18 16:12:16,332 [INFO] ThirdParty:967 - CMSIS Pack Vendor :STMicroelectronics X-CUBE-AZRTOS-L4 1.0.0
2022-12-18 16:12:16,333 [INFO] ThirdParty:967 - CMSIS Pack Vendor :wolfSSL I-CUBE-wolfSSL 5.5.0
2022-12-18 16:12:16,333 [INFO] ThirdParty:967 - CMSIS Pack Vendor :STMicroelectronics HAL Drivers 0.0.0
2022-12-18 16:12:16,333 [INFO] ThirdParty:967 - CMSIS Pack Vendor :STMicroelectronics MBEDTLS 2.16.2
2022-12-18 16:12:16,333 [INFO] ThirdParty:967 - CMSIS Pack Vendor :emotas I-CUBE-CANOPEN 1.1.2
2022-12-18 16:12:16,333 [INFO] ThirdParty:967 - CMSIS Pack Vendor :STMicroelectronics X-CUBE-TOUCHGFX 4.20.0
2022-12-18 16:12:16,333 [INFO] ThirdParty:967 - CMSIS Pack Vendor :STMicroelectronics MBEDTLS 2.14.1
2022-12-18 16:12:16,333 [INFO] ThirdParty:967 - CMSIS Pack Vendor :STMicroelectronics X-CUBE-NFC7 1.0.0
2022-12-18 16:12:16,333 [INFO] ThirdParty:967 - CMSIS Pack Vendor :STMicroelectronics X-CUBE-AZRTOS-WL 1.0.0
2022-12-18 16:12:16,333 [INFO] ThirdParty:967 - CMSIS Pack Vendor :STMicroelectronics X-CUBE-MEMS1 9.3.0
2022-12-18 16:12:16,333 [INFO] ThirdParty:967 - CMSIS Pack Vendor :portGmbH I-Cube-SoM-uGOAL 1.1.0
2022-12-18 16:12:16,333 [INFO] ThirdParty:967 - CMSIS Pack Vendor :STMicroelectronics X-CUBE-ALS 1.0.1
2022-12-18 16:12:16,333 [INFO] ThirdParty:967 - CMSIS Pack Vendor :STMicroelectronics X-CUBE-AI 7.2.0
2022-12-18 16:12:16,333 [INFO] ThirdParty:967 - CMSIS Pack Vendor :STMicroelectronics X-CUBE-AZRTOS-WB 1.1.0
2022-12-18 16:12:16,333 [INFO] ThirdParty:967 - CMSIS Pack Vendor :STMicroelectronics X-CUBE-AZRTOS-L5 1.0.0
2022-12-18 16:12:16,333 [INFO] ThirdParty:967 - CMSIS Pack Vendor :STMicroelectronics USB_DEVICE 1.0.0
2022-12-18 16:12:16,333 [INFO] ThirdParty:967 - CMSIS Pack Vendor :STMicroelectronics X-CUBE-EEPRMA1 3.1.1
2022-12-18 16:12:16,333 [INFO] ThirdParty:967 - CMSIS Pack Vendor :STMicroelectronics ThreadX 0.0.2
2022-12-18 16:12:16,333 [INFO] ThirdParty:967 - CMSIS Pack Vendor :STMicroelectronics lwIP 2.1.2
2022-12-18 16:12:16,333 [INFO] ThirdParty:967 - CMSIS Pack Vendor :STMicroelectronics X-CUBE-SFXS2LP1 4.0.0
2022-12-18 16:12:16,333 [INFO] ThirdParty:967 - CMSIS Pack Vendor :STMicroelectronics X-CUBE-BLE2 3.3.0
2022-12-18 16:12:16,333 [INFO] ThirdParty:967 - CMSIS Pack Vendor :STMicroelectronics X-CUBE-DISPLAY 2.2.0
2022-12-18 16:12:16,333 [INFO] ThirdParty:967 - CMSIS Pack Vendor :STMicroelectronics PDM2PCM 3.2.0
2022-12-18 16:12:16,333 [INFO] ThirdParty:967 - CMSIS Pack Vendor :STMicroelectronics X-CUBE-AZRTOS-H7 3.0.0
2022-12-18 16:12:16,334 [INFO] ThirdParty:967 - CMSIS Pack Vendor :STMicroelectronics X-CUBE-ISPU 1.0.0
2022-12-18 16:12:16,334 [INFO] ThirdParty:787 - exiting critical section [change project]
2022-12-18 16:12:16,595 [INFO] PinOutPanel:1463 - setPackage(No Configuration,No Configuration)
2022-12-18 16:12:16,596 [INFO] PinOutPanel:1463 - setPackage(STM32F103RBTx,LQFP64)
2022-12-18 16:12:16,899 [INFO] UtilMem:74 - Before build in PCC Used Memory: 319892800 Bytes (519045120)
2022-12-18 16:12:17,395 [INFO] UtilMem:74 - After build in PCC Used Memory: 251258336 Bytes (519045120)
2022-12-18 16:12:17,423 [INFO] IPUIPlugin:74 - create IPUIPlugin
2022-12-18 16:12:17,423 [INFO] IPUIPlugin:74 - create IPUIPlugin
2022-12-18 16:12:17,423 [INFO] IPUIPlugin:74 - create IPUIPlugin
2022-12-18 16:12:17,424 [INFO] IPUIPlugin:74 - create IPUIPlugin
2022-12-18 16:12:17,424 [INFO] IPUIPlugin:74 - create IPUIPlugin
2022-12-18 16:12:17,424 [INFO] IPUIPlugin:74 - create IPUIPlugin
2022-12-18 16:12:17,424 [INFO] IPUIPlugin:74 - create IPUIPlugin
2022-12-18 16:12:17,424 [INFO] IPUIPlugin:74 - create IPUIPlugin
2022-12-18 16:12:17,424 [INFO] IPUIPlugin:74 - create IPUIPlugin
2022-12-18 16:12:17,424 [INFO] IPUIPlugin:74 - create IPUIPlugin
2022-12-18 16:12:17,424 [INFO] IPUIPlugin:74 - create IPUIPlugin
2022-12-18 16:12:17,425 [INFO] IPUIPlugin:74 - create IPUIPlugin
2022-12-18 16:12:17,425 [INFO] IPUIPlugin:74 - create IPUIPlugin
2022-12-18 16:12:17,425 [INFO] IPUIPlugin:74 - create IPUIPlugin
2022-12-18 16:12:17,425 [INFO] IPUIPlugin:74 - create IPUIPlugin
2022-12-18 16:12:17,425 [INFO] IPUIPlugin:74 - create IPUIPlugin
2022-12-18 16:12:17,426 [INFO] IPUIPlugin:74 - create IPUIPlugin
2022-12-18 16:12:17,426 [INFO] IPUIPlugin:74 - create IPUIPlugin
2022-12-18 16:12:17,426 [INFO] IPUIPlugin:74 - create IPUIPlugin
2022-12-18 16:12:17,426 [INFO] IPUIPlugin:74 - create IPUIPlugin
2022-12-18 16:12:17,427 [INFO] IPUIPlugin:74 - create IPUIPlugin
2022-12-18 16:12:17,427 [INFO] IPUIPlugin:74 - create IPUIPlugin
2022-12-18 16:12:17,427 [INFO] IPUIPlugin:74 - create IPUIPlugin
2022-12-18 16:12:17,428 [INFO] IPUIPlugin:74 - create IPUIPlugin
2022-12-18 16:12:17,428 [INFO] IPUIPlugin:74 - create IPUIPlugin
2022-12-18 16:12:17,429 [INFO] IPUIPlugin:74 - create IPUIPlugin
2022-12-18 16:12:17,429 [INFO] IPUIPlugin:74 - create IPUIPlugin
2022-12-18 16:12:17,531 [INFO] OpenFileManager:333 - Restore cursor
2022-12-18 19:38:35,747 [INFO] Activator:177 - 


2022-12-18 19:38:35,749 [INFO] Activator:178 - !SESSION log4j initialized
2022-12-18 20:28:12,194 [INFO] Activator:177 - 


2022-12-18 20:28:12,196 [INFO] Activator:178 - !SESSION log4j initialized
2022-12-18 20:31:55,932 [INFO] Activator:177 - 


2022-12-18 20:31:55,933 [INFO] Activator:178 - !SESSION log4j initialized
2022-12-18 20:46:09,993 [INFO] Activator:177 - 


2022-12-18 20:46:09,995 [INFO] Activator:178 - !SESSION log4j initialized
2022-12-18 21:14:25,204 [INFO] Activator:177 - 


2022-12-18 21:14:25,205 [INFO] Activator:178 - !SESSION log4j initialized
2022-12-19 18:34:39,352 [INFO] Activator:177 - 


2022-12-19 18:34:39,354 [INFO] Activator:178 - !SESSION log4j initialized
2022-12-20 22:23:30,587 [INFO] Activator:177 - 


2022-12-20 22:23:30,589 [INFO] Activator:178 - !SESSION log4j initialized
2022-12-20 22:44:31,984 [INFO] Activator:177 - 


2022-12-20 22:44:31,985 [INFO] Activator:178 - !SESSION log4j initialized
